[admin.pixelstrap.com/xolo/theme/index.html]
[backblue.gif]
[fade.gif]
[index.html]
[admin.pixelstrap.com/xolo/assets/images/favicon.png]
[admin.pixelstrap.com/xolo/assets/css/fontawesome.css]
[admin.pixelstrap.com/xolo/assets/css/icofont.css]
[admin.pixelstrap.com/xolo/assets/css/themify.css]
[admin.pixelstrap.com/xolo/assets/css/flag-icon.css]
[admin.pixelstrap.com/xolo/assets/css/feather-icon.css]
[admin.pixelstrap.com/xolo/assets/css/chartist.css]
[admin.pixelstrap.com/xolo/assets/css/prism.css]
[admin.pixelstrap.com/xolo/assets/css/bootstrap.css]
[admin.pixelstrap.com/xolo/assets/css/responsive.css]
[admin.pixelstrap.com/xolo/assets/images/logo/logo.png]
[admin.pixelstrap.com/xolo/assets/images/user/4.jpg]
[admin.pixelstrap.com/xolo/assets/images/user/2.jpg]
[admin.pixelstrap.com/xolo/theme/dashboard-02.html]
[admin.pixelstrap.com/xolo/theme/dashboard-03.html]
[admin.pixelstrap.com/xolo/assets/images/user/1.jpg]
[admin.pixelstrap.com/xolo/theme/dashboard-04.html]
[admin.pixelstrap.com/xolo/assets/css/style.css]
[admin.pixelstrap.com/xolo/assets/images/dashboard/user.png]
[admin.pixelstrap.com/xolo/theme/general-widget.html]
[admin.pixelstrap.com/xolo/theme/chart-widget.html]
[admin.pixelstrap.com/xolo/theme/typography.html]
[admin.pixelstrap.com/xolo/theme/avatars.html]
[admin.pixelstrap.com/xolo/theme/helper-classes.html]
[admin.pixelstrap.com/xolo/theme/grid.html]
[admin.pixelstrap.com/xolo/theme/tag-pills.html]
[admin.pixelstrap.com/xolo/theme/progress-bar.html]
[admin.pixelstrap.com/xolo/theme/modal.html]
[admin.pixelstrap.com/xolo/theme/alert.html]
[admin.pixelstrap.com/xolo/theme/popover.html]
[admin.pixelstrap.com/xolo/theme/tooltip.html]
[admin.pixelstrap.com/xolo/theme/loader.html]
[admin.pixelstrap.com/xolo/theme/dropdown.html]
[admin.pixelstrap.com/xolo/theme/according.html]
[admin.pixelstrap.com/xolo/theme/tab-bootstrap.html]
[admin.pixelstrap.com/xolo/theme/tab-material.html]
[admin.pixelstrap.com/xolo/theme/navs.html]
[admin.pixelstrap.com/xolo/theme/box-shadow.html]
[admin.pixelstrap.com/xolo/theme/list.html]
[admin.pixelstrap.com/xolo/theme/scrollable.html]
[admin.pixelstrap.com/xolo/theme/tree.html]
[admin.pixelstrap.com/xolo/theme/bootstrap-notify.html]
[admin.pixelstrap.com/xolo/theme/rating.html]
[admin.pixelstrap.com/xolo/theme/dropzone.html]
[admin.pixelstrap.com/xolo/theme/tour.html]
[admin.pixelstrap.com/xolo/theme/sweet-alert2.html]
[admin.pixelstrap.com/xolo/theme/modal-animated.html]
[admin.pixelstrap.com/xolo/theme/owl-carousel.html]
[admin.pixelstrap.com/xolo/theme/ribbons.html]
[admin.pixelstrap.com/xolo/theme/pagination.html]
[admin.pixelstrap.com/xolo/theme/steps.html]
[admin.pixelstrap.com/xolo/theme/breadcrumb.html]
[admin.pixelstrap.com/xolo/theme/range-slider.html]
[admin.pixelstrap.com/xolo/theme/image-cropper.html]
[admin.pixelstrap.com/xolo/theme/sticky.html]
[admin.pixelstrap.com/xolo/theme/basic-card.html]
[admin.pixelstrap.com/xolo/theme/creative-card.html]
[admin.pixelstrap.com/xolo/theme/tabbed-card.html]
[admin.pixelstrap.com/xolo/theme/dragable-card.html]
[admin.pixelstrap.com/xolo/theme/timeline-v-1.html]
[admin.pixelstrap.com/xolo/theme/timeline-v-2.html]
[admin.pixelstrap.com/xolo/theme/timeline-small.html]
[admin.pixelstrap.com/xolo/theme/box-layout.html]
[admin.pixelstrap.com/xolo/theme/layout-rtl.html]
[admin.pixelstrap.com/xolo/theme/layout-light.html]
[admin.pixelstrap.com/xolo/theme/layout-dark.html]
[admin.pixelstrap.com/xolo/theme/hide-on-scroll.html]
[admin.pixelstrap.com/xolo/theme/footer-light.html]
[admin.pixelstrap.com/xolo/theme/footer-dark.html]
[admin.pixelstrap.com/xolo/theme/footer-fixed.html]
[admin.pixelstrap.com/xolo/theme/form-builder-1.html]
[admin.pixelstrap.com/xolo/theme/form-builder-2.html]
[admin.pixelstrap.com/xolo/theme/pagebuild.html]
[admin.pixelstrap.com/xolo/theme/button-builder.html]
[admin.pixelstrap.com/xolo/theme/animate.html]
[admin.pixelstrap.com/xolo/theme/scroll-reval.html]
[admin.pixelstrap.com/xolo/theme/AOS.html]
[admin.pixelstrap.com/xolo/theme/tilt.html]
[admin.pixelstrap.com/xolo/theme/wow.html]
[admin.pixelstrap.com/xolo/theme/flag-icon.html]
[admin.pixelstrap.com/xolo/theme/font-awesome.html]
[admin.pixelstrap.com/xolo/theme/ico-icon.html]
[admin.pixelstrap.com/xolo/theme/themify-icon.html]
[admin.pixelstrap.com/xolo/theme/feather-icon.html]
[admin.pixelstrap.com/xolo/theme/whether-icon.html]
[admin.pixelstrap.com/xolo/theme/simple-line-icon.html]
[admin.pixelstrap.com/xolo/theme/material-design-icon.html]
[admin.pixelstrap.com/xolo/theme/pe7-icon.html]
[admin.pixelstrap.com/xolo/theme/typicons-icon.html]
[admin.pixelstrap.com/xolo/theme/ionic-icon.html]
[admin.pixelstrap.com/xolo/theme/buttons.html]
[admin.pixelstrap.com/xolo/theme/buttons-flat.html]
[admin.pixelstrap.com/xolo/theme/buttons-edge.html]
[admin.pixelstrap.com/xolo/theme/raised-button.html]
[admin.pixelstrap.com/xolo/theme/button-group.html]
[admin.pixelstrap.com/xolo/theme/form-validation.html]
[admin.pixelstrap.com/xolo/theme/base-input.html]
[admin.pixelstrap.com/xolo/theme/radio-checkbox-control.html]
[admin.pixelstrap.com/xolo/theme/input-group.html]
[admin.pixelstrap.com/xolo/theme/megaoptions.html]
[admin.pixelstrap.com/xolo/theme/datepicker.html]
[admin.pixelstrap.com/xolo/theme/time-picker.html]
[admin.pixelstrap.com/xolo/theme/datetimepicker.html]
[admin.pixelstrap.com/xolo/theme/daterangepicker.html]
[admin.pixelstrap.com/xolo/theme/touchspin.html]
[admin.pixelstrap.com/xolo/theme/select2.html]
[admin.pixelstrap.com/xolo/theme/switch.html]
[admin.pixelstrap.com/xolo/theme/typeahead.html]
[admin.pixelstrap.com/xolo/theme/clipboard.html]
[admin.pixelstrap.com/xolo/theme/default-form.html]
[admin.pixelstrap.com/xolo/theme/form-wizard.html]
[admin.pixelstrap.com/xolo/theme/form-wizard-two.html]
[admin.pixelstrap.com/xolo/theme/form-wizard-three.html]
[admin.pixelstrap.com/xolo/theme/form-wizard-four.html]
[admin.pixelstrap.com/xolo/theme/bootstrap-basic-table.html]
[admin.pixelstrap.com/xolo/theme/bootstrap-sizing-table.html]
[admin.pixelstrap.com/xolo/theme/bootstrap-border-table.html]
[admin.pixelstrap.com/xolo/theme/bootstrap-styling-table.html]
[admin.pixelstrap.com/xolo/theme/table-components.html]
[admin.pixelstrap.com/xolo/theme/datatable-basic-init.html]
[admin.pixelstrap.com/xolo/theme/datatable-advance.html]
[admin.pixelstrap.com/xolo/theme/datatable-styling.html]
[admin.pixelstrap.com/xolo/theme/datatable-AJAX.html]
[admin.pixelstrap.com/xolo/theme/datatable-server-side.html]
[admin.pixelstrap.com/xolo/theme/datatable-plugin.html]
[admin.pixelstrap.com/xolo/theme/datatable-API.html]
[admin.pixelstrap.com/xolo/theme/datatable-data-source.html]
[admin.pixelstrap.com/xolo/theme/datatable-ext-autofill.html]
[admin.pixelstrap.com/xolo/theme/datatable-ext-basic-button.html]
[admin.pixelstrap.com/xolo/theme/datatable-ext-col-reorder.html]
[admin.pixelstrap.com/xolo/theme/datatable-ext-fixed-header.html]
[admin.pixelstrap.com/xolo/theme/datatable-ext-html-5-data-export.html]
[admin.pixelstrap.com/xolo/theme/datatable-ext-key-table.html]
[admin.pixelstrap.com/xolo/theme/datatable-ext-responsive.html]
[admin.pixelstrap.com/xolo/theme/datatable-ext-row-reorder.html]
[admin.pixelstrap.com/xolo/theme/datatable-ext-scroller.html]
[admin.pixelstrap.com/xolo/theme/jsgrid-table.html]
[admin.pixelstrap.com/xolo/theme/chart-apex.html]
[admin.pixelstrap.com/xolo/theme/chart-google.html]
[admin.pixelstrap.com/xolo/theme/chart-sparkline.html]
[admin.pixelstrap.com/xolo/theme/chart-flot.html]
[admin.pixelstrap.com/xolo/theme/chart-knob.html]
[admin.pixelstrap.com/xolo/theme/chart-morris.html]
[admin.pixelstrap.com/xolo/theme/chartjs.html]
[admin.pixelstrap.com/xolo/theme/chartist.html]
[admin.pixelstrap.com/xolo/theme/chart-peity.html]
[admin.pixelstrap.com/xolo/theme/landing-page.html]
[admin.pixelstrap.com/xolo/theme/sample-page.html]
[admin.pixelstrap.com/xolo/theme/internationalization.html]
[admin.pixelstrap.com/xolo/theme/bookmark.html]
[admin.pixelstrap.com/xolo/theme/contacts.html]
[admin.pixelstrap.com/xolo/theme/task.html]
[admin.pixelstrap.com/xolo/theme/map-js.html]
[admin.pixelstrap.com/xolo/theme/vector-map.html]
[admin.pixelstrap.com/xolo/theme/email-application.html]
[admin.pixelstrap.com/xolo/theme/email-compose.html]
[admin.pixelstrap.com/xolo/theme/product.html]
[admin.pixelstrap.com/xolo/theme/product-page.html]
[admin.pixelstrap.com/xolo/theme/list-products.html]
[admin.pixelstrap.com/xolo/theme/payment-details.html]
[admin.pixelstrap.com/xolo/theme/order-history.html]
[admin.pixelstrap.com/xolo/theme/invoice-template.html]
[admin.pixelstrap.com/xolo/theme/cart.html]
[admin.pixelstrap.com/xolo/theme/list-wish.html]
[admin.pixelstrap.com/xolo/theme/checkout.html]
[admin.pixelstrap.com/xolo/theme/pricing.html]
[admin.pixelstrap.com/xolo/theme/blog.html]
[admin.pixelstrap.com/xolo/theme/blog-single.html]
[admin.pixelstrap.com/xolo/theme/add-post.html]
[admin.pixelstrap.com/xolo/theme/job-cards-view.html]
[admin.pixelstrap.com/xolo/theme/job-list-view.html]
[admin.pixelstrap.com/xolo/theme/job-details.html]
[admin.pixelstrap.com/xolo/theme/job-apply.html]
[admin.pixelstrap.com/xolo/theme/learning-list-view.html]
[admin.pixelstrap.com/xolo/theme/learning-detailed.html]
[admin.pixelstrap.com/xolo/theme/gallery.html]
[admin.pixelstrap.com/xolo/theme/gallery-with-description.html]
[admin.pixelstrap.com/xolo/theme/gallery-masonry.html]
[admin.pixelstrap.com/xolo/theme/masonry-gallery-with-disc.html]
[admin.pixelstrap.com/xolo/theme/gallery-hover.html]
[admin.pixelstrap.com/xolo/theme/chat.html]
[admin.pixelstrap.com/xolo/theme/chat-video.html]
[admin.pixelstrap.com/xolo/theme/calendar-basic.html]
[admin.pixelstrap.com/xolo/theme/user-profile.html]
[admin.pixelstrap.com/xolo/theme/edit-profile.html]
[admin.pixelstrap.com/xolo/theme/user-cards.html]
[admin.pixelstrap.com/xolo/theme/ckeditor.html]
[admin.pixelstrap.com/xolo/theme/simple-MDE.html]
[admin.pixelstrap.com/xolo/theme/ace-code-editor.html]
[admin.pixelstrap.com/xolo/theme/social-app.html]
[admin.pixelstrap.com/xolo/theme/to-do.html]
[admin.pixelstrap.com/xolo/theme/faq.html]
[admin.pixelstrap.com/xolo/theme/knowledgebase.html]
[admin.pixelstrap.com/xolo/theme/support-ticket.html]
[admin.pixelstrap.com/xolo/theme/search.html]
[admin.pixelstrap.com/xolo/theme/search-images.html]
[admin.pixelstrap.com/xolo/theme/search-video.html]
[admin.pixelstrap.com/xolo/theme/error-400.html]
[admin.pixelstrap.com/xolo/theme/error-401.html]
[admin.pixelstrap.com/xolo/theme/error-403.html]
[admin.pixelstrap.com/xolo/theme/error-404.html]
[admin.pixelstrap.com/xolo/theme/error-500.html]
[admin.pixelstrap.com/xolo/theme/error-503.html]
[admin.pixelstrap.com/xolo/theme/login.html]
[admin.pixelstrap.com/xolo/theme/login-image.html]
[admin.pixelstrap.com/xolo/theme/login-video.html]
[admin.pixelstrap.com/xolo/theme/signup.html]
[admin.pixelstrap.com/xolo/theme/signup-image.html]
[admin.pixelstrap.com/xolo/theme/signup-video.html]
[admin.pixelstrap.com/xolo/theme/unlock.html]
[admin.pixelstrap.com/xolo/theme/forget-password.html]
[admin.pixelstrap.com/xolo/theme/reset-password.html]
[admin.pixelstrap.com/xolo/theme/maintenance.html]
[admin.pixelstrap.com/xolo/theme/comingsoon.html]
[admin.pixelstrap.com/xolo/theme/comingsoon-bg-video.html]
[admin.pixelstrap.com/xolo/theme/comingsoon-bg-img.html]
[admin.pixelstrap.com/xolo/theme/basic-template.html]
[admin.pixelstrap.com/xolo/theme/email-header.html]
[admin.pixelstrap.com/xolo/theme/template-email.html]
[admin.pixelstrap.com/xolo/theme/template-email-2.html]
[admin.pixelstrap.com/xolo/theme/ecommerce-templates.html]
[admin.pixelstrap.com/xolo/theme/email-order-success.html]
[admin.pixelstrap.com/xolo/assets/images/dashboard/d1.png]
[admin.pixelstrap.com/xolo/assets/images/dashboard/d2.png]
[admin.pixelstrap.com/xolo/assets/images/user/5.jpg]
[admin.pixelstrap.com/xolo/assets/images/dashboard/welcome.png]
[admin.pixelstrap.com/xolo/assets/images/user/3.jpg]
[admin.pixelstrap.com/xolo/assets/images/user/2.png]
[admin.pixelstrap.com/xolo/assets/images/user/11.jpg]
[admin.pixelstrap.com/xolo/assets/images/user/12.png]
[admin.pixelstrap.com/xolo/assets/images/user/9.jpg]
[admin.pixelstrap.com/xolo/assets/images/user/14.png]
[admin.pixelstrap.com/xolo/assets/images/user/10.jpg]
[admin.pixelstrap.com/xolo/assets/js/icons/feather-icon/feather-icon.js]
[admin.pixelstrap.com/xolo/assets/js/sidebar-menu.js]
[admin.pixelstrap.com/xolo/assets/js/bootstrap/bootstrap.bundle.min.js]
[admin.pixelstrap.com/xolo/assets/js/config.js]
[admin.pixelstrap.com/xolo/assets/js/icons/feather-icon/feather.min.js]
[admin.pixelstrap.com/xolo/assets/js/jquery-3.5.1.min.js]
[admin.pixelstrap.com/xolo/assets/js/chart/chartist/chartist-plugin-tooltip.js]
[admin.pixelstrap.com/xolo/assets/js/chart/apex-chart/stock-prices.js]
[admin.pixelstrap.com/xolo/assets/js/prism/prism.min.js]
[admin.pixelstrap.com/xolo/assets/js/clipboard/clipboard.min.js]
[admin.pixelstrap.com/xolo/assets/js/counter/jquery.counterup.min.js]
[admin.pixelstrap.com/xolo/assets/js/counter/jquery.waypoints.min.js]
[admin.pixelstrap.com/xolo/assets/js/counter/counter-custom.js]
[admin.pixelstrap.com/xolo/assets/js/custom-card/custom-card.js]
[admin.pixelstrap.com/xolo/assets/js/chart/chartist/chartist.js]
[admin.pixelstrap.com/xolo/assets/js/notify/bootstrap-notify.min.js]
[admin.pixelstrap.com/xolo/assets/js/dashboard/default.js]
[admin.pixelstrap.com/xolo/assets/js/notify/index.js]
[admin.pixelstrap.com/xolo/assets/js/script.js]
[admin.pixelstrap.com/xolo/assets/js/theme-customizer/customizer.js]
[admin.pixelstrap.com/xolo/theme/index.html]
[admin.pixelstrap.com/xolo/assets/css/fontawesome.css]
[admin.pixelstrap.com/xolo/assets/css/icofont.css]
[admin.pixelstrap.com/xolo/assets/css/themify.css]
[admin.pixelstrap.com/xolo/assets/css/flag-icon.css]
[admin.pixelstrap.com/xolo/assets/css/feather-icon.css]
[admin.pixelstrap.com/xolo/assets/css/chartist.css]
[admin.pixelstrap.com/xolo/assets/css/prism.css]
[admin.pixelstrap.com/xolo/assets/css/bootstrap.css]
[admin.pixelstrap.com/xolo/assets/js/chart/apex-chart/apex-chart.js]
[s3-us-west-2.amazonaws.com/s.cdpn.io/142996/sections-3.jpg]
[admin.pixelstrap.com/xolo/assets/images/other-images/maintenance-bg.jpg]
[admin.pixelstrap.com/xolo/assets/images/other-images/auth-bg-1.jpg]
[admin.pixelstrap.com/xolo/assets/images/details_open.png]
[admin.pixelstrap.com/xolo/assets/images/details_close.png]
[admin.pixelstrap.com/xolo/assets/images/other-images/coming-soon-bg.jpg]
[admin.pixelstrap.com/xolo/assets/images/landing/Email-template_background.jpg]
[admin.pixelstrap.com/xolo/assets/images/landing/bg_gallery.jpg]
[admin.pixelstrap.com/xolo/assets/images/button_builder/select.png]
[admin.pixelstrap.com/xolo/assets/images/button_builder/checkbox-sprite.png]
[admin.pixelstrap.com/xolo/assets/images/button_builder/hex_bg.gif]
[admin.pixelstrap.com/xolo/assets/images/button_builder/rainbow.png]
[admin.pixelstrap.com/xolo/assets/images/button_builder/scroll.png]
[admin.pixelstrap.com/xolo/assets/images/sidebar-pattern/1.png]
[admin.pixelstrap.com/xolo/assets/images/sidebar-image/1.jpg]
[admin.pixelstrap.com/xolo/assets/images/sidebar-pattern/2.png]
[admin.pixelstrap.com/xolo/assets/images/sidebar-image/2.jpg]
[admin.pixelstrap.com/xolo/assets/images/sidebar-pattern/3.png]
[admin.pixelstrap.com/xolo/assets/images/landing/widget.png]
[admin.pixelstrap.com/xolo/assets/images/sidebar-image/3.jpg]
[admin.pixelstrap.com/xolo/assets/images/sidebar-pattern/4.png]
[admin.pixelstrap.com/xolo/assets/images/sidebar-pattern/5.png]
[admin.pixelstrap.com/xolo/assets/images/sidebar-image/5.jpg]
[admin.pixelstrap.com/xolo/assets/images/sidebar-image/4.jpg]
[admin.pixelstrap.com/xolo/assets/images/sidebar-pattern/6.png]
[admin.pixelstrap.com/xolo/assets/images/sidebar-image/6.jpg]
[admin.pixelstrap.com/xolo/assets/images/other-images/clock-face.png]
[admin.pixelstrap.com/xolo/assets/images/other-images/bg-profile.png]
[admin.pixelstrap.com/xolo/assets/images/other-images/calender-bg.png]
[admin.pixelstrap.com/xolo/assets/images/dashboard/social.jpg]
[admin.pixelstrap.com/xolo/assets/css/style.css]
[admin.pixelstrap.com/xolo/assets/css/color-1.css]
[admin.pixelstrap.com/xolo/assets/css/responsive.css]
[admin.pixelstrap.com/xolo/assets/css/rating.css]
[admin.pixelstrap.com/xolo/assets/images/social-app/social-image.png]
[admin.pixelstrap.com/xolo/assets/images/user/11.png]
[admin.pixelstrap.com/xolo/assets/js/rating/jquery.barrating.js]
[admin.pixelstrap.com/xolo/assets/js/rating/rating-script.js]
[admin.pixelstrap.com/xolo/theme/dashboard-02.html]
[admin.pixelstrap.com/xolo/assets/js/dashboard/dashboard_2.js]
[admin.pixelstrap.com/xolo/assets/images/user/8.jpg]
[admin.pixelstrap.com/xolo/assets/images/user/12.jpg]
[admin.pixelstrap.com/xolo/assets/images/email/2.jpg]
[admin.pixelstrap.com/xolo/assets/js/dashboard/dashboard_3.js]
[admin.pixelstrap.com/xolo/theme/dashboard-03.html]
[admin.pixelstrap.com/xolo/assets/js/dashboard/dashboard_4.js]
[admin.pixelstrap.com/xolo/assets/images/email/1.jpg]
[admin.pixelstrap.com/xolo/theme/dashboard-04.html]
[admin.pixelstrap.com/xolo/assets/css/date-picker.css]
[admin.pixelstrap.com/xolo/assets/css/owlcarousel.css]
[admin.pixelstrap.com/xolo/assets/css/whether-icon.css]
[admin.pixelstrap.com/xolo/assets/images/avtar/3.jpg]
[admin.pixelstrap.com/xolo/assets/images/dashboard/boy-2.png]
[admin.pixelstrap.com/xolo/assets/images/dashboard/chrome.png]
[admin.pixelstrap.com/xolo/assets/images/dashboard/firefox.png]
[admin.pixelstrap.com/xolo/assets/images/other-images/mobile-clock-wallpaper.jpg]
[admin.pixelstrap.com/xolo/assets/images/dashboard/safari.png]
[admin.pixelstrap.com/xolo/assets/images/user/6.jpg]
[admin.pixelstrap.com/xolo/assets/images/user/7.jpg]
[admin.pixelstrap.com/xolo/assets/js/datepicker/date-picker/datepicker.en.js]
[admin.pixelstrap.com/xolo/assets/js/datepicker/date-picker/datepicker.js]
[admin.pixelstrap.com/xolo/assets/js/datepicker/date-picker/datepicker.custom.js]
[admin.pixelstrap.com/xolo/assets/js/general-widget.js]
[admin.pixelstrap.com/xolo/assets/js/height-equal.js]
[admin.pixelstrap.com/xolo/theme/general-widget.html]
[admin.pixelstrap.com/xolo/assets/js/owlcarousel/owl.carousel.js]
[admin.pixelstrap.com/xolo/assets/js/chart-widget.js]
[admin.pixelstrap.com/xolo/assets/js/chart/apex-chart/moment.min.js]
[admin.pixelstrap.com/xolo/theme/chart-widget.html]
[admin.pixelstrap.com/xolo/theme/typography.html]
[admin.pixelstrap.com/xolo/assets/images/user/16.png]
[admin.pixelstrap.com/xolo/theme/avatars.html]
[admin.pixelstrap.com/xolo/theme/helper-classes.html]
[admin.pixelstrap.com/xolo/theme/grid.html]
[admin.pixelstrap.com/xolo/theme/tag-pills.html]
[admin.pixelstrap.com/xolo/theme/progress-bar.html]
[admin.pixelstrap.com/xolo/theme/modal.html]
[admin.pixelstrap.com/xolo/theme/alert.html]
[admin.pixelstrap.com/xolo/assets/js/popover-custom.js]
[admin.pixelstrap.com/xolo/theme/popover.html]
[admin.pixelstrap.com/xolo/theme/tooltip.html]
[admin.pixelstrap.com/xolo/assets/js/tooltip-init.js]
[admin.pixelstrap.com/xolo/theme/loader.html]
[admin.pixelstrap.com/xolo/theme/dropdown.html]
[admin.pixelstrap.com/xolo/theme/according.html]
[admin.pixelstrap.com/xolo/theme/tab-bootstrap.html]
[admin.pixelstrap.com/xolo/theme/tab-material.html]
[admin.pixelstrap.com/xolo/assets/js/bootstrap/popper.min.js]
[admin.pixelstrap.com/xolo/theme/navs.html]
[admin.pixelstrap.com/xolo/theme/box-shadow.html]
[admin.pixelstrap.com/xolo/theme/list.html]
[admin.pixelstrap.com/xolo/assets/css/scrollable.css]
[admin.pixelstrap.com/xolo/assets/images/banner/2.jpg]
[admin.pixelstrap.com/xolo/assets/images/banner/3.jpg]
[admin.pixelstrap.com/xolo/assets/js/scrollable/perfect-scrollbar.min.js]
[admin.pixelstrap.com/xolo/theme/scrollable.html]
[admin.pixelstrap.com/xolo/assets/images/banner/1.jpg]
[admin.pixelstrap.com/xolo/assets/css/tree.css]
[admin.pixelstrap.com/xolo/theme/tree.html]
[admin.pixelstrap.com/xolo/assets/js/tree/tree.js]
[admin.pixelstrap.com/xolo/assets/js/notify/notify-script.js]
[admin.pixelstrap.com/xolo/theme/bootstrap-notify.html]
[admin.pixelstrap.com/xolo/theme/rating.html]
[admin.pixelstrap.com/xolo/assets/css/dropzone.css]
[admin.pixelstrap.com/xolo/assets/js/tree/jstree.min.js]
[admin.pixelstrap.com/xolo/assets/js/dropzone/dropzone-script.js]
[admin.pixelstrap.com/xolo/theme/dropzone.html]
[admin.pixelstrap.com/xolo/assets/css/tour.css]
[admin.pixelstrap.com/xolo/assets/js/dropzone/dropzone.js]
[admin.pixelstrap.com/xolo/assets/images/user-card/3.jpg]
[admin.pixelstrap.com/xolo/assets/images/blog/img.png]
[admin.pixelstrap.com/xolo/assets/js/tour/intro.js]
[admin.pixelstrap.com/xolo/assets/js/tour/intro-init.js]
[admin.pixelstrap.com/xolo/theme/tour.html]
[admin.pixelstrap.com/xolo/assets/css/sweetalert2.css]
[admin.pixelstrap.com/xolo/assets/images/title.gif]
[admin.pixelstrap.com/xolo/assets/js/sweet-alert/app.js]
[admin.pixelstrap.com/xolo/assets/js/sweet-alert/sweetalert.min.js]
[admin.pixelstrap.com/xolo/theme/sweet-alert2.html]
[admin.pixelstrap.com/xolo/assets/css/animate.css]
[admin.pixelstrap.com/xolo/theme/modal-animated.html]
[admin.pixelstrap.com/xolo/assets/js/modal-animated.js]
[admin.pixelstrap.com/xolo/assets/images/slider/2.jpg]
[admin.pixelstrap.com/xolo/assets/images/other-images/profile-style-img.png]
[admin.pixelstrap.com/xolo/assets/images/slider/1.jpg]
[admin.pixelstrap.com/xolo/assets/images/slider/4.jpg]
[admin.pixelstrap.com/xolo/assets/images/slider/3.jpg]
[admin.pixelstrap.com/xolo/assets/images/slider/5.jpg]
[admin.pixelstrap.com/xolo/assets/images/slider/6.jpg]
[admin.pixelstrap.com/xolo/assets/images/slider/9.jpg]
[admin.pixelstrap.com/xolo/assets/images/slider/11.jpg]
[admin.pixelstrap.com/xolo/assets/images/slider/7.jpg]
[admin.pixelstrap.com/xolo/assets/images/slider/10.jpg]
[admin.pixelstrap.com/xolo/assets/images/slider-auto-width/12.jpg]
[admin.pixelstrap.com/xolo/assets/images/slider-auto-width/11.jpg]
[admin.pixelstrap.com/xolo/assets/images/slider-auto-width/14.jpg]
[admin.pixelstrap.com/xolo/assets/images/slider-auto-width/15.jpg]
[admin.pixelstrap.com/xolo/assets/images/slider-auto-width/13.jpg]
[admin.pixelstrap.com/xolo/assets/js/owlcarousel/owl-custom.js]
[admin.pixelstrap.com/xolo/theme/owl-carousel.html]
[admin.pixelstrap.com/xolo/theme/ribbons.html]
[admin.pixelstrap.com/xolo/theme/pagination.html]
[admin.pixelstrap.com/xolo/theme/steps.html]
[admin.pixelstrap.com/xolo/theme/breadcrumb.html]
[admin.pixelstrap.com/xolo/assets/css/range-slider.css]
[admin.pixelstrap.com/xolo/theme/range-slider.html]
[admin.pixelstrap.com/xolo/assets/js/range-slider/rangeslider-script.js]
[admin.pixelstrap.com/xolo/assets/js/range-slider/ion.rangeSlider.min.js]
[admin.pixelstrap.com/xolo/assets/css/image-cropper.css]
[admin.pixelstrap.com/xolo/theme/image-cropper.html]
[admin.pixelstrap.com/xolo/assets/js/image-cropper/cropper-main.js]
[admin.pixelstrap.com/xolo/assets/css/sticky.css]
[admin.pixelstrap.com/xolo/assets/js/image-cropper/cropper.js]
[admin.pixelstrap.com/xolo/assets/js/sticky/sticky.js]
[admin.pixelstrap.com/xolo/theme/sticky.html]
[admin.pixelstrap.com/xolo/theme/basic-card.html]
[admin.pixelstrap.com/xolo/theme/creative-card.html]
[admin.pixelstrap.com/xolo/theme/tabbed-card.html]
[admin.pixelstrap.com/xolo/assets/js/dragable/sortable.js]
[admin.pixelstrap.com/xolo/assets/js/dragable/sortable-custom.js]
[admin.pixelstrap.com/xolo/theme/dragable-card.html]
[admin.pixelstrap.com/xolo/assets/js/timeline/timeline-v-1/main.js]
[admin.pixelstrap.com/xolo/assets/js/modernizr.js]
[admin.pixelstrap.com/xolo/theme/timeline-v-1.html]
[admin.pixelstrap.com/xolo/assets/js/jquery.ui.min.js]
[admin.pixelstrap.com/xolo/assets/js/timeline/timeline-v-2/jquery.timeliny.min.js]
[admin.pixelstrap.com/xolo/theme/timeline-v-2.html]
[admin.pixelstrap.com/xolo/assets/js/timeline/timeline-v-2/timeline-v-2-custom.js]
[admin.pixelstrap.com/xolo/theme/timeline-small.html]
[admin.pixelstrap.com/xolo/theme/box-layout.html]
[admin.pixelstrap.com/xolo/theme/layout-rtl.html]
[admin.pixelstrap.com/xolo/theme/layout-light.html]
[admin.pixelstrap.com/xolo/theme/layout-dark.html]
[admin.pixelstrap.com/xolo/assets/js/hide-on-scroll.js]
[admin.pixelstrap.com/xolo/theme/hide-on-scroll.html]
[admin.pixelstrap.com/xolo/theme/footer-light.html]
[admin.pixelstrap.com/xolo/theme/footer-dark.html]
[admin.pixelstrap.com/xolo/theme/footer-fixed.html]
[admin.pixelstrap.com/xolo/assets/js/form-builder/form-builder-1/require.js]
[admin.pixelstrap.com/xolo/theme/form-builder-1.html]
[admin.pixelstrap.com/xolo/assets/js/form-builder/form-builder-2/beautifyhtml.js]
[admin.pixelstrap.com/xolo/assets/js/form-builder/form-builder-2/form-builder-2.js]
[admin.pixelstrap.com/xolo/theme/form-builder-2.html]
[admin.pixelstrap.com/xolo/assets/css/page-builder.css]
[admin.pixelstrap.com/xolo/assets/js/form-builder/form-builder-1/main-built.js]
[admin.pixelstrap.com/xolo/assets/js/editor/ckeditor/adapters/jquery.js]
[admin.pixelstrap.com/xolo/assets/js/page-builder/jquery.grideditor.min.js]
[admin.pixelstrap.com/xolo/assets/js/page-builder/page-builder-custom.js]
[admin.pixelstrap.com/xolo/theme/pagebuild.html]
[admin.pixelstrap.com/xolo/assets/css/button-builder.css]
[admin.pixelstrap.com/xolo/assets/js/button-builder/colorpicker.js]
[admin.pixelstrap.com/xolo/assets/js/button-builder/clipboard.min.js]
[admin.pixelstrap.com/xolo/assets/js/button-builder/generator.js]
[admin.pixelstrap.com/xolo/assets/js/button-builder/extend-1.0.js]
[admin.pixelstrap.com/xolo/theme/button-builder.html]
[admin.pixelstrap.com/xolo/assets/js/animation/animate-custom.js]
[admin.pixelstrap.com/xolo/theme/animate.html]
[admin.pixelstrap.com/xolo/assets/css/photoswipe.css]
[admin.pixelstrap.com/xolo/assets/images/other-images/profile-style-img3.png]
[admin.pixelstrap.com/xolo/assets/js/editor/ckeditor/ckeditor.js]
[admin.pixelstrap.com/xolo/assets/images/big-lightgallry/01.jpg]
[admin.pixelstrap.com/xolo/assets/images/lightgallry/02.jpg]
[admin.pixelstrap.com/xolo/assets/images/lightgallry/01.jpg]
[admin.pixelstrap.com/xolo/assets/images/big-lightgallry/02.jpg]
[admin.pixelstrap.com/xolo/assets/images/lightgallry/03.jpg]
[admin.pixelstrap.com/xolo/assets/images/lightgallry/04.jpg]
[admin.pixelstrap.com/xolo/assets/images/big-lightgallry/03.jpg]
[admin.pixelstrap.com/xolo/assets/images/lightgallry/05.jpg]
[admin.pixelstrap.com/xolo/assets/images/big-lightgallry/05.jpg]
[admin.pixelstrap.com/xolo/assets/images/big-lightgallry/04.jpg]
[admin.pixelstrap.com/xolo/assets/images/lightgallry/06.jpg]
[admin.pixelstrap.com/xolo/assets/images/lightgallry/07.jpg]
[admin.pixelstrap.com/xolo/assets/images/big-lightgallry/06.jpg]
[admin.pixelstrap.com/xolo/assets/images/lightgallry/08.jpg]
[admin.pixelstrap.com/xolo/assets/images/big-lightgallry/07.jpg]
[admin.pixelstrap.com/xolo/assets/images/lightgallry/09.jpg]
[admin.pixelstrap.com/xolo/assets/images/big-lightgallry/09.jpg]
[admin.pixelstrap.com/xolo/assets/images/big-lightgallry/08.jpg]
[admin.pixelstrap.com/xolo/assets/images/lightgallry/010.jpg]
[admin.pixelstrap.com/xolo/assets/images/lightgallry/011.jpg]
[admin.pixelstrap.com/xolo/assets/images/big-lightgallry/010.jpg]
[admin.pixelstrap.com/xolo/assets/images/lightgallry/012.jpg]
[admin.pixelstrap.com/xolo/assets/images/big-lightgallry/011.jpg]
[admin.pixelstrap.com/xolo/assets/images/lightgallry/013.jpg]
[admin.pixelstrap.com/xolo/assets/images/big-lightgallry/012.jpg]
[admin.pixelstrap.com/xolo/assets/images/lightgallry/014.jpg]
[admin.pixelstrap.com/xolo/assets/images/big-lightgallry/013.jpg]
[admin.pixelstrap.com/xolo/assets/images/lightgallry/015.jpg]
[admin.pixelstrap.com/xolo/assets/images/big-lightgallry/015.jpg]
[admin.pixelstrap.com/xolo/assets/images/big-lightgallry/014.jpg]
[admin.pixelstrap.com/xolo/assets/js/photoswipe/photoswipe.min.js]
[admin.pixelstrap.com/xolo/assets/images/lightgallry/016.jpg]
[admin.pixelstrap.com/xolo/assets/js/photoswipe/photoswipe-ui-default.min.js]
[admin.pixelstrap.com/xolo/assets/js/photoswipe/photoswipe.js]
[admin.pixelstrap.com/xolo/assets/images/big-lightgallry/016.jpg]
[admin.pixelstrap.com/xolo/assets/js/animation/scroll-reveal/scrollreveal.min.js]
[admin.pixelstrap.com/xolo/assets/js/animation/scroll-reveal/reveal-custom.js]
[admin.pixelstrap.com/xolo/theme/scroll-reval.html]
[admin.pixelstrap.com/xolo/assets/css/aos.css]
[admin.pixelstrap.com/xolo/assets/images/other-images/img-cropper.jpg]
[admin.pixelstrap.com/xolo/assets/images/masonry/1.jpg]
[admin.pixelstrap.com/xolo/assets/images/masonry/2.jpg]
[admin.pixelstrap.com/xolo/assets/images/big-masonry/2.jpg]
[admin.pixelstrap.com/xolo/assets/images/masonry/3.jpg]
[admin.pixelstrap.com/xolo/assets/images/big-masonry/1.jpg]
[admin.pixelstrap.com/xolo/assets/images/big-masonry/3.jpg]
[admin.pixelstrap.com/xolo/assets/images/big-masonry/4.jpg]
[admin.pixelstrap.com/xolo/assets/images/masonry/4.jpg]
[admin.pixelstrap.com/xolo/assets/images/masonry/6.jpg]
[admin.pixelstrap.com/xolo/theme/AOS.html]
[admin.pixelstrap.com/xolo/theme/tilt.html]
[admin.pixelstrap.com/xolo/theme/wow.html]
[admin.pixelstrap.com/xolo/theme/flag-icon.html]
[admin.pixelstrap.com/xolo/theme/font-awesome.html]
[admin.pixelstrap.com/xolo/theme/ico-icon.html]
[admin.pixelstrap.com/xolo/theme/themify-icon.html]
[admin.pixelstrap.com/xolo/theme/feather-icon.html]
